<?xml version="1.0" encoding="UTF-8"?>
<testng-results ignored="0" total="2" passed="2" failed="0" skipped="0">
  <reporter-output>
  </reporter-output>
  <suite started-at="2023-07-19T23:23:06 IST" name="Suite" finished-at="2023-07-19T23:23:32 IST" duration-ms="25889">
    <groups>
    </groups>
    <test started-at="2023-07-19T23:23:06 IST" name="Test" finished-at="2023-07-19T23:23:32 IST" duration-ms="25889">
      <class name="com.saucelabs.testcases.LoginTest">
        <test-method is-config="true" signature="initDriver()[pri:0, instance:com.saucelabs.testcases.LoginTest@292b08d6]" started-at="2023-07-19T23:23:23 IST" name="initDriver" finished-at="2023-07-19T23:23:24 IST" duration-ms="1478" status="PASS">
          <reporter-output>
          </reporter-output>
        </test-method> <!-- initDriver -->
        <test-method signature="testlogin()[pri:0, instance:com.saucelabs.testcases.LoginTest@292b08d6]" started-at="2023-07-19T23:23:24 IST" name="testlogin" finished-at="2023-07-19T23:23:26 IST" duration-ms="2063" status="PASS">
          <reporter-output>
          </reporter-output>
        </test-method> <!-- testlogin -->
        <test-method is-config="true" signature="tearDown()[pri:0, instance:com.saucelabs.testcases.LoginTest@292b08d6]" started-at="2023-07-19T23:23:26 IST" name="tearDown" finished-at="2023-07-19T23:23:32 IST" duration-ms="5473" status="PASS">
          <reporter-output>
          </reporter-output>
        </test-method> <!-- tearDown -->
      </class> <!-- com.saucelabs.testcases.LoginTest -->
      <class name="com.saucelabs.testcases.SignUpTest">
        <test-method is-config="true" signature="initDriver()[pri:0, instance:com.saucelabs.testcases.SignUpTest@1aafa419]" started-at="2023-07-19T23:23:06 IST" name="initDriver" finished-at="2023-07-19T23:23:09 IST" duration-ms="3471" status="PASS">
          <reporter-output>
          </reporter-output>
        </test-method> <!-- initDriver -->
        <test-method signature="register()[pri:0, instance:com.saucelabs.testcases.SignUpTest@1aafa419]" started-at="2023-07-19T23:23:09 IST" name="register" finished-at="2023-07-19T23:23:17 IST" duration-ms="7866" status="PASS">
          <reporter-output>
          </reporter-output>
        </test-method> <!-- register -->
        <test-method is-config="true" signature="tearDown()[pri:0, instance:com.saucelabs.testcases.SignUpTest@1aafa419]" started-at="2023-07-19T23:23:17 IST" name="tearDown" finished-at="2023-07-19T23:23:23 IST" duration-ms="5440" status="PASS">
          <reporter-output>
          </reporter-output>
        </test-method> <!-- tearDown -->
      </class> <!-- com.saucelabs.testcases.SignUpTest -->
    </test> <!-- Test -->
  </suite> <!-- Suite -->
</testng-results>
